<?xml version="1.0" encoding="UTF-8"?>
<testng-results skipped="0" failed="0" ignored="0" total="1" passed="1">
  <reporter-output>
  </reporter-output>
  <suite name="Default suite" duration-ms="108" started-at="2018-05-15T05:07:46Z" finished-at="2018-05-15T05:07:46Z">
    <groups>
    </groups>
    <test name="Default test" duration-ms="108" started-at="2018-05-15T05:07:46Z" finished-at="2018-05-15T05:07:46Z">
      <class name="com.tesm.demo.Demo">
        <test-method status="PASS" signature="print()[pri:0, instance:com.tesm.demo.Demo@6cc4c815]" name="print" duration-ms="12" started-at="2018-05-15T05:07:46Z" finished-at="2018-05-15T05:07:46Z">
          <reporter-output>
          </reporter-output>
        </test-method> <!-- print -->
      </class> <!-- com.tesm.demo.Demo -->
    </test> <!-- Default test -->
  </suite> <!-- Default suite -->
</testng-results>
